[23-Oct-2013 18:41:40 Europe/Berlin] PHP Fatal error:  Allowed memory size of 67108864 bytes exhausted (tried to allocate 20736 bytes) in /home/pfadigo/www/pfadi-goesgen.ch/data/library/AbstractFileHandler.php on line 107
[23-Oct-2013 18:42:17 Europe/Berlin] PHP Fatal error:  Allowed memory size of 67108864 bytes exhausted (tried to allocate 20736 bytes) in /home/pfadigo/www/pfadi-goesgen.ch/data/library/AbstractFileHandler.php on line 107
[23-Oct-2013 19:04:31 Europe/Berlin] PHP Fatal error:  Allowed memory size of 67108864 bytes exhausted (tried to allocate 20736 bytes) in /home/pfadigo/www/pfadi-goesgen.ch/data/library/AbstractFileHandler.php on line 107
[23-Oct-2013 19:05:48 Europe/Berlin] PHP Fatal error:  Allowed memory size of 67108864 bytes exhausted (tried to allocate 20736 bytes) in /home/pfadigo/www/pfadi-goesgen.ch/data/library/AbstractFileHandler.php on line 107
[25-Oct-2013 11:00:05 Europe/Berlin] PHP Fatal error:  Allowed memory size of 67108864 bytes exhausted (tried to allocate 20736 bytes) in /home/pfadigo/www/pfadi-goesgen.ch/data/library/AbstractFileHandler.php on line 107
[25-Oct-2013 11:01:06 Europe/Berlin] PHP Fatal error:  Allowed memory size of 67108864 bytes exhausted (tried to allocate 20736 bytes) in /home/pfadigo/www/pfadi-goesgen.ch/data/library/AbstractFileHandler.php on line 107
[25-Oct-2013 11:06:32 Europe/Berlin] PHP Fatal error:  Allowed memory size of 67108864 bytes exhausted (tried to allocate 20736 bytes) in /home/pfadigo/www/pfadi-goesgen.ch/data/library/AbstractFileHandler.php on line 107
[28-Oct-2013 08:32:45 Europe/Berlin] PHP Fatal error:  Allowed memory size of 67108864 bytes exhausted (tried to allocate 20736 bytes) in /home/pfadigo/www/pfadi-goesgen.ch/data/library/AbstractFileHandler.php on line 107
[13-Nov-2013 21:13:19 Europe/Berlin] PHP Fatal error:  Allowed memory size of 67108864 bytes exhausted (tried to allocate 20736 bytes) in /home/pfadigo/www/pfadi-goesgen.ch/data/library/AbstractFileHandler.php on line 107
[04-Dec-2013 23:48:06 Europe/Berlin] PHP Fatal error:  Allowed memory size of 67108864 bytes exhausted (tried to allocate 20736 bytes) in /home/pfadigo/www/pfadi-goesgen.ch/data/library/AbstractFileHandler.php on line 107
[30-Jan-2014 23:12:49 Europe/Berlin] PHP Fatal error:  Allowed memory size of 67108864 bytes exhausted (tried to allocate 20736 bytes) in /home/pfadigo/www/pfadi-goesgen.ch/data/library/AbstractFileHandler.php on line 107
[14-Mar-2014 20:31:11 Europe/Berlin] PHP Fatal error:  Allowed memory size of 67108864 bytes exhausted (tried to allocate 20736 bytes) in /home/pfadigo/www/pfadi-goesgen.ch/data/library/AbstractFileHandler.php on line 107
[14-Mar-2014 20:40:54 Europe/Berlin] PHP Fatal error:  Allowed memory size of 67108864 bytes exhausted (tried to allocate 20736 bytes) in /home/pfadigo/www/pfadi-goesgen.ch/data/library/AbstractFileHandler.php on line 107
[16-Mar-2014 11:53:18 Europe/Berlin] PHP Fatal error:  Allowed memory size of 67108864 bytes exhausted (tried to allocate 20736 bytes) in /home/pfadigo/www/pfadi-goesgen.ch/data/library/AbstractFileHandler.php on line 107
[16-Mar-2014 11:53:25 Europe/Berlin] PHP Fatal error:  Allowed memory size of 67108864 bytes exhausted (tried to allocate 20736 bytes) in /home/pfadigo/www/pfadi-goesgen.ch/data/library/AbstractFileHandler.php on line 107
[16-Mar-2014 11:57:43 Europe/Berlin] PHP Fatal error:  Allowed memory size of 67108864 bytes exhausted (tried to allocate 20736 bytes) in /home/pfadigo/www/pfadi-goesgen.ch/data/library/AbstractFileHandler.php on line 107
[16-Mar-2014 12:02:16 Europe/Berlin] PHP Fatal error:  Allowed memory size of 67108864 bytes exhausted (tried to allocate 20736 bytes) in /home/pfadigo/www/pfadi-goesgen.ch/data/library/AbstractFileHandler.php on line 107
[16-Mar-2014 12:02:19 Europe/Berlin] PHP Fatal error:  Allowed memory size of 67108864 bytes exhausted (tried to allocate 20736 bytes) in /home/pfadigo/www/pfadi-goesgen.ch/data/library/AbstractFileHandler.php on line 107
[16-Mar-2014 12:02:22 Europe/Berlin] PHP Fatal error:  Allowed memory size of 67108864 bytes exhausted (tried to allocate 20736 bytes) in /home/pfadigo/www/pfadi-goesgen.ch/data/library/AbstractFileHandler.php on line 107
[16-Mar-2014 12:06:50 Europe/Berlin] PHP Fatal error:  Allowed memory size of 67108864 bytes exhausted (tried to allocate 20736 bytes) in /home/pfadigo/www/pfadi-goesgen.ch/data/library/AbstractFileHandler.php on line 107
[16-Mar-2014 12:06:52 Europe/Berlin] PHP Fatal error:  Allowed memory size of 67108864 bytes exhausted (tried to allocate 20736 bytes) in /home/pfadigo/www/pfadi-goesgen.ch/data/library/AbstractFileHandler.php on line 107
[16-Mar-2014 12:23:21 Europe/Berlin] PHP Fatal error:  Allowed memory size of 67108864 bytes exhausted (tried to allocate 20736 bytes) in /home/pfadigo/www/pfadi-goesgen.ch/data/library/AbstractFileHandler.php on line 107
[16-Mar-2014 12:24:11 Europe/Berlin] PHP Fatal error:  Allowed memory size of 67108864 bytes exhausted (tried to allocate 20736 bytes) in /home/pfadigo/www/pfadi-goesgen.ch/data/library/AbstractFileHandler.php on line 107
[16-Mar-2014 12:24:23 Europe/Berlin] PHP Fatal error:  Allowed memory size of 67108864 bytes exhausted (tried to allocate 20736 bytes) in /home/pfadigo/www/pfadi-goesgen.ch/data/library/AbstractFileHandler.php on line 107
[16-Mar-2014 12:29:29 Europe/Berlin] PHP Fatal error:  Allowed memory size of 67108864 bytes exhausted (tried to allocate 20736 bytes) in /home/pfadigo/www/pfadi-goesgen.ch/data/library/AbstractFileHandler.php on line 107
[16-Mar-2014 12:35:49 Europe/Berlin] PHP Fatal error:  Allowed memory size of 67108864 bytes exhausted (tried to allocate 20736 bytes) in /home/pfadigo/www/pfadi-goesgen.ch/data/library/AbstractFileHandler.php on line 107
[16-Mar-2014 12:35:58 Europe/Berlin] PHP Fatal error:  Allowed memory size of 67108864 bytes exhausted (tried to allocate 20736 bytes) in /home/pfadigo/www/pfadi-goesgen.ch/data/library/AbstractFileHandler.php on line 107
[16-Mar-2014 12:35:59 Europe/Berlin] PHP Fatal error:  Allowed memory size of 67108864 bytes exhausted (tried to allocate 20736 bytes) in /home/pfadigo/www/pfadi-goesgen.ch/data/library/AbstractFileHandler.php on line 107
[16-Mar-2014 12:36:01 Europe/Berlin] PHP Fatal error:  Allowed memory size of 67108864 bytes exhausted (tried to allocate 20736 bytes) in /home/pfadigo/www/pfadi-goesgen.ch/data/library/AbstractFileHandler.php on line 107
[16-Mar-2014 12:36:26 Europe/Berlin] PHP Fatal error:  Allowed memory size of 67108864 bytes exhausted (tried to allocate 20736 bytes) in /home/pfadigo/www/pfadi-goesgen.ch/data/library/AbstractFileHandler.php on line 107
[16-Mar-2014 12:36:44 Europe/Berlin] PHP Fatal error:  Allowed memory size of 67108864 bytes exhausted (tried to allocate 20736 bytes) in /home/pfadigo/www/pfadi-goesgen.ch/data/library/AbstractFileHandler.php on line 107
[16-Mar-2014 12:36:58 Europe/Berlin] PHP Fatal error:  Allowed memory size of 67108864 bytes exhausted (tried to allocate 20736 bytes) in /home/pfadigo/www/pfadi-goesgen.ch/data/library/AbstractFileHandler.php on line 107
[16-Mar-2014 12:37:25 Europe/Berlin] PHP Fatal error:  Allowed memory size of 67108864 bytes exhausted (tried to allocate 20736 bytes) in /home/pfadigo/www/pfadi-goesgen.ch/data/library/AbstractFileHandler.php on line 107
[16-Mar-2014 12:38:10 Europe/Berlin] PHP Fatal error:  Allowed memory size of 67108864 bytes exhausted (tried to allocate 20736 bytes) in /home/pfadigo/www/pfadi-goesgen.ch/data/library/AbstractFileHandler.php on line 107
[16-Mar-2014 12:39:06 Europe/Berlin] PHP Fatal error:  Allowed memory size of 67108864 bytes exhausted (tried to allocate 20736 bytes) in /home/pfadigo/www/pfadi-goesgen.ch/data/library/AbstractFileHandler.php on line 107
[16-Mar-2014 12:39:40 Europe/Berlin] PHP Fatal error:  Allowed memory size of 67108864 bytes exhausted (tried to allocate 20736 bytes) in /home/pfadigo/www/pfadi-goesgen.ch/data/library/AbstractFileHandler.php on line 107
[16-Mar-2014 12:39:52 Europe/Berlin] PHP Fatal error:  Allowed memory size of 67108864 bytes exhausted (tried to allocate 20736 bytes) in /home/pfadigo/www/pfadi-goesgen.ch/data/library/AbstractFileHandler.php on line 107
[16-Mar-2014 12:40:26 Europe/Berlin] PHP Fatal error:  Allowed memory size of 67108864 bytes exhausted (tried to allocate 20736 bytes) in /home/pfadigo/www/pfadi-goesgen.ch/data/library/AbstractFileHandler.php on line 107
[16-Mar-2014 12:40:39 Europe/Berlin] PHP Fatal error:  Allowed memory size of 67108864 bytes exhausted (tried to allocate 20736 bytes) in /home/pfadigo/www/pfadi-goesgen.ch/data/library/AbstractFileHandler.php on line 107
[16-Mar-2014 12:41:54 Europe/Berlin] PHP Fatal error:  Allowed memory size of 67108864 bytes exhausted (tried to allocate 20736 bytes) in /home/pfadigo/www/pfadi-goesgen.ch/data/library/AbstractFileHandler.php on line 107
[16-Mar-2014 12:44:40 Europe/Berlin] PHP Fatal error:  Allowed memory size of 67108864 bytes exhausted (tried to allocate 20736 bytes) in /home/pfadigo/www/pfadi-goesgen.ch/data/library/AbstractFileHandler.php on line 107
[16-Mar-2014 12:46:46 Europe/Berlin] PHP Fatal error:  Allowed memory size of 67108864 bytes exhausted (tried to allocate 20736 bytes) in /home/pfadigo/www/pfadi-goesgen.ch/data/library/AbstractFileHandler.php on line 107
[16-Mar-2014 12:55:57 Europe/Berlin] PHP Fatal error:  Allowed memory size of 67108864 bytes exhausted (tried to allocate 20736 bytes) in /home/pfadigo/www/pfadi-goesgen.ch/data/library/AbstractFileHandler.php on line 107
[16-Mar-2014 12:56:32 Europe/Berlin] PHP Fatal error:  Allowed memory size of 67108864 bytes exhausted (tried to allocate 20736 bytes) in /home/pfadigo/www/pfadi-goesgen.ch/data/library/AbstractFileHandler.php on line 107
[16-Mar-2014 13:00:55 Europe/Berlin] PHP Fatal error:  Allowed memory size of 67108864 bytes exhausted (tried to allocate 20736 bytes) in /home/pfadigo/www/pfadi-goesgen.ch/data/library/AbstractFileHandler.php on line 107
[16-Mar-2014 13:01:08 Europe/Berlin] PHP Fatal error:  Allowed memory size of 67108864 bytes exhausted (tried to allocate 20736 bytes) in /home/pfadigo/www/pfadi-goesgen.ch/data/library/AbstractFileHandler.php on line 107
[16-Mar-2014 13:04:06 Europe/Berlin] PHP Fatal error:  Allowed memory size of 67108864 bytes exhausted (tried to allocate 20736 bytes) in /home/pfadigo/www/pfadi-goesgen.ch/data/library/AbstractFileHandler.php on line 107
[16-Mar-2014 13:11:30 Europe/Berlin] PHP Fatal error:  Allowed memory size of 67108864 bytes exhausted (tried to allocate 20736 bytes) in /home/pfadigo/www/pfadi-goesgen.ch/data/library/AbstractFileHandler.php on line 107
[16-Mar-2014 13:16:32 Europe/Berlin] PHP Fatal error:  Allowed memory size of 67108864 bytes exhausted (tried to allocate 20736 bytes) in /home/pfadigo/www/pfadi-goesgen.ch/data/library/AbstractFileHandler.php on line 107
[16-Mar-2014 13:32:18 Europe/Berlin] PHP Fatal error:  Allowed memory size of 67108864 bytes exhausted (tried to allocate 20736 bytes) in /home/pfadigo/www/pfadi-goesgen.ch/data/library/AbstractFileHandler.php on line 107
[16-Mar-2014 13:32:23 Europe/Berlin] PHP Fatal error:  Allowed memory size of 67108864 bytes exhausted (tried to allocate 20736 bytes) in /home/pfadigo/www/pfadi-goesgen.ch/data/library/AbstractFileHandler.php on line 107
[16-Mar-2014 13:32:30 Europe/Berlin] PHP Fatal error:  Allowed memory size of 67108864 bytes exhausted (tried to allocate 20736 bytes) in /home/pfadigo/www/pfadi-goesgen.ch/data/library/AbstractFileHandler.php on line 107
[16-Mar-2014 13:44:48 Europe/Berlin] PHP Fatal error:  Allowed memory size of 67108864 bytes exhausted (tried to allocate 20736 bytes) in /home/pfadigo/www/pfadi-goesgen.ch/data/library/AbstractFileHandler.php on line 107
[16-Mar-2014 13:44:49 Europe/Berlin] PHP Fatal error:  Allowed memory size of 67108864 bytes exhausted (tried to allocate 20736 bytes) in /home/pfadigo/www/pfadi-goesgen.ch/data/library/AbstractFileHandler.php on line 107
[16-Mar-2014 13:46:10 Europe/Berlin] PHP Fatal error:  Allowed memory size of 67108864 bytes exhausted (tried to allocate 20736 bytes) in /home/pfadigo/www/pfadi-goesgen.ch/data/library/AbstractFileHandler.php on line 107
[16-Mar-2014 13:46:33 Europe/Berlin] PHP Fatal error:  Allowed memory size of 67108864 bytes exhausted (tried to allocate 20736 bytes) in /home/pfadigo/www/pfadi-goesgen.ch/data/library/AbstractFileHandler.php on line 107
[16-Mar-2014 13:50:09 Europe/Berlin] PHP Fatal error:  Allowed memory size of 67108864 bytes exhausted (tried to allocate 20736 bytes) in /home/pfadigo/www/pfadi-goesgen.ch/data/library/AbstractFileHandler.php on line 107
[16-Mar-2014 13:57:54 Europe/Berlin] PHP Fatal error:  Allowed memory size of 67108864 bytes exhausted (tried to allocate 20736 bytes) in /home/pfadigo/www/pfadi-goesgen.ch/data/library/AbstractFileHandler.php on line 107
[16-Mar-2014 14:37:20 Europe/Berlin] PHP Fatal error:  Allowed memory size of 67108864 bytes exhausted (tried to allocate 20736 bytes) in /home/pfadigo/www/pfadi-goesgen.ch/data/library/AbstractFileHandler.php on line 107
[16-Mar-2014 14:50:40 Europe/Berlin] PHP Fatal error:  Allowed memory size of 67108864 bytes exhausted (tried to allocate 20736 bytes) in /home/pfadigo/www/pfadi-goesgen.ch/data/library/AbstractFileHandler.php on line 107
[16-Mar-2014 15:17:57 Europe/Berlin] PHP Fatal error:  Allowed memory size of 67108864 bytes exhausted (tried to allocate 20736 bytes) in /home/pfadigo/www/pfadi-goesgen.ch/data/library/AbstractFileHandler.php on line 107
[16-Mar-2014 15:39:23 Europe/Berlin] PHP Fatal error:  Allowed memory size of 67108864 bytes exhausted (tried to allocate 20736 bytes) in /home/pfadigo/www/pfadi-goesgen.ch/data/library/AbstractFileHandler.php on line 107
[16-Mar-2014 19:31:29 Europe/Berlin] PHP Fatal error:  Allowed memory size of 67108864 bytes exhausted (tried to allocate 20736 bytes) in /home/pfadigo/www/pfadi-goesgen.ch/data/library/AbstractFileHandler.php on line 107
[16-Mar-2014 19:46:12 Europe/Berlin] PHP Fatal error:  Allowed memory size of 67108864 bytes exhausted (tried to allocate 20736 bytes) in /home/pfadigo/www/pfadi-goesgen.ch/data/library/AbstractFileHandler.php on line 107
[16-Mar-2014 19:47:17 Europe/Berlin] PHP Fatal error:  Allowed memory size of 67108864 bytes exhausted (tried to allocate 20736 bytes) in /home/pfadigo/www/pfadi-goesgen.ch/data/library/AbstractFileHandler.php on line 107
[16-Mar-2014 19:48:31 Europe/Berlin] PHP Fatal error:  Allowed memory size of 67108864 bytes exhausted (tried to allocate 20736 bytes) in /home/pfadigo/www/pfadi-goesgen.ch/data/library/AbstractFileHandler.php on line 107
[16-Mar-2014 22:28:31 Europe/Berlin] PHP Fatal error:  Allowed memory size of 67108864 bytes exhausted (tried to allocate 20736 bytes) in /home/pfadigo/www/pfadi-goesgen.ch/data/library/AbstractFileHandler.php on line 107
[17-Mar-2014 07:31:10 Europe/Berlin] PHP Fatal error:  Allowed memory size of 67108864 bytes exhausted (tried to allocate 20736 bytes) in /home/pfadigo/www/pfadi-goesgen.ch/data/library/AbstractFileHandler.php on line 107
[28-Jul-2014 10:13:37 Europe/Berlin] PHP Warning:  fopen(/home/pfadigo/www/pfadi-goesgen.ch/upload/bilder/) [<a href='http://ch2.php.net/manual/en/function.fopen.php'>function.fopen.php</a>]: failed to open stream: Is a directory in /home/pfadigo/www/pfadi-goesgen.ch/data/apollomin/upload.php on line 52
[28-Jul-2014 10:13:43 Europe/Berlin] PHP Warning:  fopen(/home/pfadigo/www/pfadi-goesgen.ch/upload/bilder/) [<a href='http://ch2.php.net/manual/en/function.fopen.php'>function.fopen.php</a>]: failed to open stream: Is a directory in /home/pfadigo/www/pfadi-goesgen.ch/data/apollomin/upload.php on line 52
[28-Jul-2014 10:15:31 Europe/Berlin] PHP Warning:  fopen(/home/pfadigo/www/pfadi-goesgen.ch/upload/dateien/) [<a href='http://ch2.php.net/manual/en/function.fopen.php'>function.fopen.php</a>]: failed to open stream: Is a directory in /home/pfadigo/www/pfadi-goesgen.ch/data/apollomin/upload.php on line 52
[28-Jul-2014 10:15:47 Europe/Berlin] PHP Warning:  fopen(/home/pfadigo/www/pfadi-goesgen.ch/upload/dateien/) [<a href='http://ch2.php.net/manual/en/function.fopen.php'>function.fopen.php</a>]: failed to open stream: Is a directory in /home/pfadigo/www/pfadi-goesgen.ch/data/apollomin/upload.php on line 52
[28-Jul-2014 10:16:16 Europe/Berlin] PHP Warning:  fopen(/home/pfadigo/www/pfadi-goesgen.ch/upload/dateien/PDF/) [<a href='http://ch2.php.net/manual/en/function.fopen.php'>function.fopen.php</a>]: failed to open stream: Is a directory in /home/pfadigo/www/pfadi-goesgen.ch/data/apollomin/upload.php on line 52
[02-Feb-2015 11:38:47 Europe/Berlin] PHP Warning:  fopen(/home/pfadigo/www/pfadi-goesgen.ch/upload/galerie/KaLa 2014 - Pfader/) [<a href='http://ch2.php.net/manual/en/function.fopen.php'>function.fopen.php</a>]: failed to open stream: Is a directory in /home/pfadigo/www/pfadi-goesgen.ch/data/apollomin/upload.php on line 52
[02-Feb-2015 11:38:54 Europe/Berlin] PHP Warning:  fopen(/home/pfadigo/www/pfadi-goesgen.ch/upload/galerie/KaLa 2014 - Pfader/) [<a href='http://ch2.php.net/manual/en/function.fopen.php'>function.fopen.php</a>]: failed to open stream: Is a directory in /home/pfadigo/www/pfadi-goesgen.ch/data/apollomin/upload.php on line 52
[02-Feb-2015 12:22:24 Europe/Berlin] PHP Fatal error:  Maximum execution time of 30 seconds exceeded in /home/pfadigo/www/pfadi-goesgen.ch/data/library/AbstractFileHandler.php on line 107
[02-Feb-2015 12:28:14 Europe/Berlin] PHP Fatal error:  Maximum execution time of 30 seconds exceeded in /home/pfadigo/www/pfadi-goesgen.ch/data/library/AbstractFileHandler.php on line 109
[28-May-2015 18:20:01 Europe/Berlin] PHP Warning:  fopen(/home/pfadigo/www/pfadi-goesgen.ch/upload/galerie/) [<a href='http://ch2.php.net/manual/en/function.fopen.php'>function.fopen.php</a>]: failed to open stream: Is a directory in /home/pfadigo/www/pfadi-goesgen.ch/data/apollomin/upload.php on line 52
[28-May-2015 20:29:31 Europe/Berlin] PHP Warning:  fopen(/home/pfadigo/www/pfadi-goesgen.ch/upload/bilder/) [<a href='http://ch2.php.net/manual/en/function.fopen.php'>function.fopen.php</a>]: failed to open stream: Is a directory in /home/pfadigo/www/pfadi-goesgen.ch/data/apollomin/upload.php on line 52
[28-May-2015 20:30:39 Europe/Berlin] PHP Warning:  fopen(/home/pfadigo/www/pfadi-goesgen.ch/upload/bilder/) [<a href='http://ch2.php.net/manual/en/function.fopen.php'>function.fopen.php</a>]: failed to open stream: Is a directory in /home/pfadigo/www/pfadi-goesgen.ch/data/apollomin/upload.php on line 52
[28-May-2015 20:31:20 Europe/Berlin] PHP Warning:  fopen(/home/pfadigo/www/pfadi-goesgen.ch/upload/bilder/) [<a href='http://ch2.php.net/manual/en/function.fopen.php'>function.fopen.php</a>]: failed to open stream: Is a directory in /home/pfadigo/www/pfadi-goesgen.ch/data/apollomin/upload.php on line 52
[28-May-2015 20:33:13 Europe/Berlin] PHP Warning:  fopen(/home/pfadigo/www/pfadi-goesgen.ch/upload/bilder/) [<a href='http://ch2.php.net/manual/en/function.fopen.php'>function.fopen.php</a>]: failed to open stream: Is a directory in /home/pfadigo/www/pfadi-goesgen.ch/data/apollomin/upload.php on line 52
[28-May-2015 20:33:31 Europe/Berlin] PHP Warning:  fopen(/home/pfadigo/www/pfadi-goesgen.ch/upload/bilder/) [<a href='http://ch2.php.net/manual/en/function.fopen.php'>function.fopen.php</a>]: failed to open stream: Is a directory in /home/pfadigo/www/pfadi-goesgen.ch/data/apollomin/upload.php on line 52
[29-May-2015 07:59:48 Europe/Berlin] PHP Warning:  fopen(/home/pfadigo/www/pfadi-goesgen.ch/upload/bilder/) [<a href='http://ch2.php.net/manual/en/function.fopen.php'>function.fopen.php</a>]: failed to open stream: Is a directory in /home/pfadigo/www/pfadi-goesgen.ch/data/apollomin/upload.php on line 52
[29-May-2015 08:02:06 Europe/Berlin] PHP Warning:  fopen(/home/pfadigo/www/pfadi-goesgen.ch/upload/bilder/) [<a href='http://ch2.php.net/manual/en/function.fopen.php'>function.fopen.php</a>]: failed to open stream: Is a directory in /home/pfadigo/www/pfadi-goesgen.ch/data/apollomin/upload.php on line 52
[29-May-2015 08:19:07 Europe/Berlin] PHP Warning:  fopen(/home/pfadigo/www/pfadi-goesgen.ch/upload/PfiLa 2014/) [<a href='http://ch2.php.net/manual/en/function.fopen.php'>function.fopen.php</a>]: failed to open stream: Is a directory in /home/pfadigo/www/pfadi-goesgen.ch/data/apollomin/upload.php on line 52
[29-May-2015 08:19:50 Europe/Berlin] PHP Warning:  fopen(/home/pfadigo/www/pfadi-goesgen.ch/upload/dateien/) [<a href='http://ch2.php.net/manual/en/function.fopen.php'>function.fopen.php</a>]: failed to open stream: Is a directory in /home/pfadigo/www/pfadi-goesgen.ch/data/apollomin/upload.php on line 52
[22-Jun-2015 22:28:55 Europe/Berlin] PHP Fatal error:  Maximum execution time of 30 seconds exceeded in /home/pfadigo/www/pfadi-goesgen.ch/data/library/AbstractFileHandler.php on line 109
[02-Nov-2015 17:03:23 Europe/Berlin] PHP Fatal error:  Maximum execution time of 30 seconds exceeded in /home/pfadigo/www/pfadi-goesgen.ch/data/library/AbstractFileHandler.php on line 109
[10-Nov-2015 21:37:45 Europe/Berlin] PHP Warning:  fopen(/home/pfadigo/www/pfadi-goesgen.ch/upload/bilder/) [<a href='http://ch2.php.net/manual/en/function.fopen.php'>function.fopen.php</a>]: failed to open stream: Is a directory in /home/pfadigo/www/pfadi-goesgen.ch/data/apollomin/upload.php on line 52
[10-Nov-2015 21:37:49 Europe/Berlin] PHP Warning:  fopen(/home/pfadigo/www/pfadi-goesgen.ch/upload/bilder/) [<a href='http://ch2.php.net/manual/en/function.fopen.php'>function.fopen.php</a>]: failed to open stream: Is a directory in /home/pfadigo/www/pfadi-goesgen.ch/data/apollomin/upload.php on line 52
[10-Nov-2015 21:38:06 Europe/Berlin] PHP Warning:  fopen(/home/pfadigo/www/pfadi-goesgen.ch/upload/dateien/) [<a href='http://ch2.php.net/manual/en/function.fopen.php'>function.fopen.php</a>]: failed to open stream: Is a directory in /home/pfadigo/www/pfadi-goesgen.ch/data/apollomin/upload.php on line 52
[10-Nov-2015 21:38:18 Europe/Berlin] PHP Warning:  fopen(/home/pfadigo/www/pfadi-goesgen.ch/upload/dateien/) [<a href='http://ch2.php.net/manual/en/function.fopen.php'>function.fopen.php</a>]: failed to open stream: Is a directory in /home/pfadigo/www/pfadi-goesgen.ch/data/apollomin/upload.php on line 52
[09-Apr-2016 21:23:42 Europe/Berlin] PHP Warning:  fopen(/home/pfadigo/www/pfadi-goesgen.ch/upload/bilder/) [<a href='http://php.net/manual/en/function.fopen.php'>function.fopen.php</a>]: failed to open stream: Is a directory in /home/pfadigo/www/pfadi-goesgen.ch/data/apollomin/upload.php on line 52
[09-Apr-2016 21:23:49 Europe/Berlin] PHP Warning:  fopen(/home/pfadigo/www/pfadi-goesgen.ch/upload/bilder/) [<a href='http://php.net/manual/en/function.fopen.php'>function.fopen.php</a>]: failed to open stream: Is a directory in /home/pfadigo/www/pfadi-goesgen.ch/data/apollomin/upload.php on line 52
[09-Apr-2016 21:28:57 Europe/Berlin] PHP Warning:  fopen(/home/pfadigo/www/pfadi-goesgen.ch/upload/bilder/) [<a href='http://php.net/manual/en/function.fopen.php'>function.fopen.php</a>]: failed to open stream: Is a directory in /home/pfadigo/www/pfadi-goesgen.ch/data/apollomin/upload.php on line 52
[09-Apr-2016 21:29:53 Europe/Berlin] PHP Warning:  fopen(/home/pfadigo/www/pfadi-goesgen.ch/upload/bilder/) [<a href='http://php.net/manual/en/function.fopen.php'>function.fopen.php</a>]: failed to open stream: Is a directory in /home/pfadigo/www/pfadi-goesgen.ch/data/apollomin/upload.php on line 52
[09-Apr-2016 21:29:57 Europe/Berlin] PHP Warning:  fopen(/home/pfadigo/www/pfadi-goesgen.ch/upload/bilder/) [<a href='http://php.net/manual/en/function.fopen.php'>function.fopen.php</a>]: failed to open stream: Is a directory in /home/pfadigo/www/pfadi-goesgen.ch/data/apollomin/upload.php on line 52
[09-Apr-2016 21:32:00 Europe/Berlin] PHP Warning:  fopen(/home/pfadigo/www/pfadi-goesgen.ch/upload/bilder/) [<a href='http://php.net/manual/en/function.fopen.php'>function.fopen.php</a>]: failed to open stream: Is a directory in /home/pfadigo/www/pfadi-goesgen.ch/data/apollomin/upload.php on line 52
[09-Apr-2016 21:32:30 Europe/Berlin] PHP Warning:  fopen(/home/pfadigo/www/pfadi-goesgen.ch/upload/bilder/) [<a href='http://php.net/manual/en/function.fopen.php'>function.fopen.php</a>]: failed to open stream: Is a directory in /home/pfadigo/www/pfadi-goesgen.ch/data/apollomin/upload.php on line 52
[09-Apr-2016 21:33:18 Europe/Berlin] PHP Warning:  fopen(/home/pfadigo/www/pfadi-goesgen.ch/upload/bilder/) [<a href='http://php.net/manual/en/function.fopen.php'>function.fopen.php</a>]: failed to open stream: Is a directory in /home/pfadigo/www/pfadi-goesgen.ch/data/apollomin/upload.php on line 52
[09-Apr-2016 21:35:12 Europe/Berlin] PHP Warning:  fopen(/home/pfadigo/www/pfadi-goesgen.ch/upload/bilder/) [<a href='http://php.net/manual/en/function.fopen.php'>function.fopen.php</a>]: failed to open stream: Is a directory in /home/pfadigo/www/pfadi-goesgen.ch/data/apollomin/upload.php on line 52
[09-Apr-2016 21:37:22 Europe/Berlin] PHP Warning:  fopen(/home/pfadigo/www/pfadi-goesgen.ch/upload/bilder/) [<a href='http://php.net/manual/en/function.fopen.php'>function.fopen.php</a>]: failed to open stream: Is a directory in /home/pfadigo/www/pfadi-goesgen.ch/data/apollomin/upload.php on line 52
[09-Apr-2016 21:37:56 Europe/Berlin] PHP Warning:  fopen(/home/pfadigo/www/pfadi-goesgen.ch/upload/bilder/) [<a href='http://php.net/manual/en/function.fopen.php'>function.fopen.php</a>]: failed to open stream: Is a directory in /home/pfadigo/www/pfadi-goesgen.ch/data/apollomin/upload.php on line 52
[09-Apr-2016 21:40:11 Europe/Berlin] PHP Warning:  fopen(/home/pfadigo/www/pfadi-goesgen.ch/upload/dateien/) [<a href='http://php.net/manual/en/function.fopen.php'>function.fopen.php</a>]: failed to open stream: Is a directory in /home/pfadigo/www/pfadi-goesgen.ch/data/apollomin/upload.php on line 52
[09-Apr-2016 21:40:23 Europe/Berlin] PHP Warning:  fopen(/home/pfadigo/www/pfadi-goesgen.ch/upload/dateien/) [<a href='http://php.net/manual/en/function.fopen.php'>function.fopen.php</a>]: failed to open stream: Is a directory in /home/pfadigo/www/pfadi-goesgen.ch/data/apollomin/upload.php on line 52
[09-Apr-2016 22:10:41 Europe/Berlin] PHP Warning:  fopen(/home/pfadigo/www/pfadi-goesgen.ch/upload/bilder/) [<a href='http://php.net/manual/en/function.fopen.php'>function.fopen.php</a>]: failed to open stream: Is a directory in /home/pfadigo/www/pfadi-goesgen.ch/data/apollomin/upload.php on line 52
[09-Apr-2016 22:26:56 Europe/Berlin] PHP Warning:  fopen(/home/pfadigo/www/pfadi-goesgen.ch/upload/bilder/) [<a href='http://php.net/manual/en/function.fopen.php'>function.fopen.php</a>]: failed to open stream: Is a directory in /home/pfadigo/www/pfadi-goesgen.ch/data/apollomin/upload.php on line 52
[09-Apr-2016 22:30:00 Europe/Berlin] PHP Warning:  fopen(/home/pfadigo/www/pfadi-goesgen.ch/upload/bilder/) [<a href='http://php.net/manual/en/function.fopen.php'>function.fopen.php</a>]: failed to open stream: Is a directory in /home/pfadigo/www/pfadi-goesgen.ch/data/apollomin/upload.php on line 52
[09-Apr-2016 22:31:49 Europe/Berlin] PHP Warning:  fopen(/home/pfadigo/www/pfadi-goesgen.ch/upload/bilder/) [<a href='http://php.net/manual/en/function.fopen.php'>function.fopen.php</a>]: failed to open stream: Is a directory in /home/pfadigo/www/pfadi-goesgen.ch/data/apollomin/upload.php on line 52
[09-Apr-2016 22:32:06 Europe/Berlin] PHP Warning:  fopen(/home/pfadigo/www/pfadi-goesgen.ch/upload/dateien/) [<a href='http://php.net/manual/en/function.fopen.php'>function.fopen.php</a>]: failed to open stream: Is a directory in /home/pfadigo/www/pfadi-goesgen.ch/data/apollomin/upload.php on line 52
[09-Apr-2016 22:34:22 Europe/Berlin] PHP Warning:  fopen(/home/pfadigo/www/pfadi-goesgen.ch/upload/bilder/test/) [<a href='http://php.net/manual/en/function.fopen.php'>function.fopen.php</a>]: failed to open stream: Is a directory in /home/pfadigo/www/pfadi-goesgen.ch/data/apollomin/upload.php on line 52
